# JRE version: Java(TM) SE Runtime Environment (8.0_91-b15) (build 1.8.0_91-b15)
# Java VM: Java HotSpot(TM) 64-Bit Server VM (25.91-b15 mixed mode windows-amd64 compressed oops)
Heap:
 PSYoungGen      total 120320K, used 6199K [0x00000000e0000000, 0x00000000e8300000, 0x0000000100000000)
  eden space 109568K, 5% used [0x00000000e0000000,0x00000000e060df30,0x00000000e6b00000)
  from space 10752K, 0% used [0x00000000e7800000,0x00000000e7800000,0x00000000e8280000)
  to   space 12288K, 0% used [0x00000000e6b00000,0x00000000e6b00000,0x00000000e7700000)
 ParOldGen       total 59904K, used 17292K [0x00000000a0000000, 0x00000000a3a80000, 0x00000000e0000000)
  object space 59904K, 28% used [0x00000000a0000000,0x00000000a10e3108,0x00000000a3a80000)
 Metaspace       used 35552K, capacity 36228K, committed 36608K, reserved 1081344K
  class space    used 4762K, capacity 4991K, committed 5120K, reserved 1048576K
GC Heap History (10 events):
Event: 18.982 GC heap before
{Heap before GC invocations=6 (full 1):
 PSYoungGen      total 38400K, used 33280K [0x00000000e0000000, 0x00000000e2a80000, 0x0000000100000000)
  eden space 33280K, 100% used [0x00000000e0000000,0x00000000e2080000,0x00000000e2080000)
  from space 5120K, 0% used [0x00000000e2580000,0x00000000e2580000,0x00000000e2a80000)
  to   space 5120K, 0% used [0x00000000e2080000,0x00000000e2080000,0x00000000e2580000)
 ParOldGen       total 59904K, used 9644K [0x00000000a0000000, 0x00000000a3a80000, 0x00000000e0000000)
  object space 59904K, 16% used [0x00000000a0000000,0x00000000a096b228,0x00000000a3a80000)
 Metaspace       used 23828K, capacity 24268K, committed 24448K, reserved 1071104K
  class space    used 3265K, capacity 3405K, committed 3456K, reserved 1048576K
Event: 19.152 GC heap after
Heap after GC invocations=6 (full 1):
 PSYoungGen      total 38400K, used 3560K [0x00000000e0000000, 0x00000000e5400000, 0x0000000100000000)
  eden space 33280K, 0% used [0x00000000e0000000,0x00000000e0000000,0x00000000e2080000)
  from space 5120K, 69% used [0x00000000e2080000,0x00000000e23fa260,0x00000000e2580000)
  to   space 11776K, 0% used [0x00000000e4880000,0x00000000e4880000,0x00000000e5400000)
 ParOldGen       total 59904K, used 9652K [0x00000000a0000000, 0x00000000a3a80000, 0x00000000e0000000)
  object space 59904K, 16% used [0x00000000a0000000,0x00000000a096d228,0x00000000a3a80000)
 Metaspace       used 23828K, capacity 24268K, committed 24448K, reserved 1071104K
  class space    used 3265K, capacity 3405K, committed 3456K, reserved 1048576K
}
Event: 20.567 GC heap before
{Heap before GC invocations=7 (full 1):
 PSYoungGen      total 38400K, used 36840K [0x00000000e0000000, 0x00000000e5400000, 0x0000000100000000)
  eden space 33280K, 100% used [0x00000000e0000000,0x00000000e2080000,0x00000000e2080000)
  from space 5120K, 69% used [0x00000000e2080000,0x00000000e23fa260,0x00000000e2580000)
  to   space 11776K, 0% used [0x00000000e4880000,0x00000000e4880000,0x00000000e5400000)
 ParOldGen       total 59904K, used 9652K [0x00000000a0000000, 0x00000000a3a80000, 0x00000000e0000000)
  object space 59904K, 16% used [0x00000000a0000000,0x00000000a096d228,0x00000000a3a80000)
 Metaspace       used 27164K, capacity 27690K, committed 27776K, reserved 1073152K
  class space    used 3740K, capacity 3940K, committed 3968K, reserved 1048576K
Event: 20.575 GC heap after
Heap after GC invocations=7 (full 1):
 PSYoungGen      total 71168K, used 6103K [0x00000000e0000000, 0x00000000e5200000, 0x0000000100000000)
  eden space 61440K, 0% used [0x00000000e0000000,0x00000000e0000000,0x00000000e3c00000)
  from space 9728K, 62% used [0x00000000e4880000,0x00000000e4e75c98,0x00000000e5200000)
  to   space 11264K, 0% used [0x00000000e3c00000,0x00000000e3c00000,0x00000000e4700000)
 ParOldGen       total 59904K, used 9652K [0x00000000a0000000, 0x00000000a3a80000, 0x00000000e0000000)
  object space 59904K, 16% used [0x00000000a0000000,0x00000000a096d228,0x00000000a3a80000)
 Metaspace       used 27164K, capacity 27690K, committed 27776K, reserved 1073152K
  class space    used 3740K, capacity 3940K, committed 3968K, reserved 1048576K
}
Event: 22.844 GC heap before
{Heap before GC invocations=8 (full 1):
 PSYoungGen      total 71168K, used 67543K [0x00000000e0000000, 0x00000000e5200000, 0x0000000100000000)
  eden space 61440K, 100% used [0x00000000e0000000,0x00000000e3c00000,0x00000000e3c00000)
  from space 9728K, 62% used [0x00000000e4880000,0x00000000e4e75c98,0x00000000e5200000)
  to   space 11264K, 0% used [0x00000000e3c00000,0x00000000e3c00000,0x00000000e4700000)
 ParOldGen       total 59904K, used 9652K [0x00000000a0000000, 0x00000000a3a80000, 0x00000000e0000000)
  object space 59904K, 16% used [0x00000000a0000000,0x00000000a096d228,0x00000000a3a80000)
 Metaspace       used 30504K, capacity 31116K, committed 31360K, reserved 1077248K
  class space    used 4167K, capacity 4374K, committed 4480K, reserved 1048576K
Event: 22.862 GC heap after
Heap after GC invocations=8 (full 1):
 PSYoungGen      total 72704K, used 6949K [0x00000000e0000000, 0x00000000e8280000, 0x0000000100000000)
  eden space 61440K, 0% used [0x00000000e0000000,0x00000000e0000000,0x00000000e3c00000)
  from space 11264K, 61% used [0x00000000e3c00000,0x00000000e42c9688,0x00000000e4700000)
  to   space 10752K, 0% used [0x00000000e7800000,0x00000000e7800000,0x00000000e8280000)
 ParOldGen       total 59904K, used 9660K [0x00000000a0000000, 0x00000000a3a80000, 0x00000000e0000000)
  object space 59904K, 16% used [0x00000000a0000000,0x00000000a096f228,0x00000000a3a80000)
 Metaspace       used 30504K, capacity 31116K, committed 31360K, reserved 1077248K
  class space    used 4167K, capacity 4374K, committed 4480K, reserved 1048576K
}
Event: 29.225 GC heap before
{Heap before GC invocations=9 (full 1):
 PSYoungGen      total 72704K, used 46632K [0x00000000e0000000, 0x00000000e8280000, 0x0000000100000000)
  eden space 61440K, 64% used [0x00000000e0000000,0x00000000e26c09d8,0x00000000e3c00000)
  from space 11264K, 61% used [0x00000000e3c00000,0x00000000e42c9688,0x00000000e4700000)
  to   space 10752K, 0% used [0x00000000e7800000,0x00000000e7800000,0x00000000e8280000)
 ParOldGen       total 59904K, used 9660K [0x00000000a0000000, 0x00000000a3a80000, 0x00000000e0000000)
  object space 59904K, 16% used [0x00000000a0000000,0x00000000a096f228,0x00000000a3a80000)
 Metaspace       used 34663K, capacity 35394K, committed 35416K, reserved 1079296K
  class space    used 4649K, capacity 4860K, committed 4864K, reserved 1048576K
Event: 29.240 GC heap after
Heap after GC invocations=9 (full 1):
 PSYoungGen      total 120320K, used 10687K [0x00000000e0000000, 0x00000000e8300000, 0x0000000100000000)
  eden space 109568K, 0% used [0x00000000e0000000,0x00000000e0000000,0x00000000e6b00000)
  from space 10752K, 99% used [0x00000000e7800000,0x00000000e826fcc0,0x00000000e8280000)
  to   space 12288K, 0% used [0x00000000e6b00000,0x00000000e6b00000,0x00000000e7700000)
 ParOldGen       total 59904K, used 9740K [0x00000000a0000000, 0x00000000a3a80000, 0x00000000e0000000)
  object space 59904K, 16% used [0x00000000a0000000,0x00000000a0983238,0x00000000a3a80000)
 Metaspace       used 34663K, capacity 35394K, committed 35416K, reserved 1079296K
  class space    used 4649K, capacity 4860K, committed 4864K, reserved 1048576K
}
Event: 29.240 GC heap before
{Heap before GC invocations=10 (full 2):
 PSYoungGen      total 120320K, used 10687K [0x00000000e0000000, 0x00000000e8300000, 0x0000000100000000)
  eden space 109568K, 0% used [0x00000000e0000000,0x00000000e0000000,0x00000000e6b00000)
  from space 10752K, 99% used [0x00000000e7800000,0x00000000e826fcc0,0x00000000e8280000)
  to   space 12288K, 0% used [0x00000000e6b00000,0x00000000e6b00000,0x00000000e7700000)
 ParOldGen       total 59904K, used 9740K [0x00000000a0000000, 0x00000000a3a80000, 0x00000000e0000000)
  object space 59904K, 16% used [0x00000000a0000000,0x00000000a0983238,0x00000000a3a80000)
 Metaspace       used 34663K, capacity 35394K, committed 35416K, reserved 1079296K
  class space    used 4649K, capacity 4860K, committed 4864K, reserved 1048576K
Event: 29.357 GC heap after
Heap after GC invocations=10 (full 2):
 PSYoungGen      total 120320K, used 0K [0x00000000e0000000, 0x00000000e8300000, 0x0000000100000000)
  eden space 109568K, 0% used [0x00000000e0000000,0x00000000e0000000,0x00000000e6b00000)
  from space 10752K, 0% used [0x00000000e7800000,0x00000000e7800000,0x00000000e8280000)
  to   space 12288K, 0% used [0x00000000e6b00000,0x00000000e6b00000,0x00000000e7700000)
 ParOldGen       total 59904K, used 17292K [0x00000000a0000000, 0x00000000a3a80000, 0x00000000e0000000)
  object space 59904K, 28% used [0x00000000a0000000,0x00000000a10e3108,0x00000000a3a80000)
 Metaspace       used 34636K, capacity 35306K, committed 35416K, reserved 1079296K
  class space    used 4641K, capacity 4852K, committed 4864K, reserved 1048576K
}

